SF:E:\projects\dart\clever_settings\test\src\clever_settings_test.dart
DA:9,1
DA:10,2
DA:11,2
DA:12,2
DA:13,2
DA:14,1
DA:16,2
DA:17,2
DA:18,1
DA:19,2
DA:22,2
DA:23,1
DA:24,2
DA:27,2
DA:28,2
DA:30,3
DA:33,2
DA:34,2
DA:36,3
DA:39,2
DA:41,1
DA:43,3
DA:46,2
DA:47,1
DA:48,1
DA:50,1
DA:52,4
DA:55,2
DA:57,1
DA:59,1
DA:61,3
DA:63,1
DA:65,1
DA:66,1
DA:67,1
DA:68,1
DA:69,1
DA:71,3
DA:74,2
DA:76,1
DA:78,1
DA:80,3
DA:82,1
DA:84,1
DA:86,4
DA:89,2
DA:90,1
DA:93,2
DA:95,2
DA:97,3
DA:103,1
DA:108,1
DA:109,1
DA:110,1
DA:111,1
DA:118,1
DA:119,1
DA:120,1
DA:121,1
LF:59
LH:59
end_of_record
